<?xml version="1.0" encoding="UTF-8"?>
<!-- Generated by org.testng.reporters.JUnitXMLReporter -->
<testsuite hostname="IP4-826" name="firefoxtest" tests="1" failures="0" timestamp="5 Oct 2016 14:10:42 GMT" time="0.112" errors="0">
  <testcase name="@BeforeTest openBrowser" time="0.0" classname="sendEmail.CrossBrowserTesting">
    <failure type="java.lang.IllegalStateException" message="The path to the driver executable must be set by the webdriver.gecko.driver system property; for more information, see https://github.com/mozilla/geckodriver. The latest version can be downloaded from https://github.com/mozilla/geckodriver/releases">
      <![CDATA[java.lang.IllegalStateException: The path to the driver executable must be set by the webdriver.gecko.driver system property; for more information, see https://github.com/mozilla/geckodriver. The latest version can be downloaded from https://github.com/mozilla/geckodriver/releases
	at com.google.common.base.Preconditions.checkState(Preconditions.java:199)
	at org.openqa.selenium.remote.service.DriverService.findExecutable(DriverService.java:109)
	at org.openqa.selenium.firefox.GeckoDriverService.access$100(GeckoDriverService.java:38)
	at org.openqa.selenium.firefox.GeckoDriverService$Builder.findDefaultExecutable(GeckoDriverService.java:91)
	at org.openqa.selenium.remote.service.DriverService$Builder.build(DriverService.java:296)
	at org.openqa.selenium.firefox.FirefoxDriver.createCommandExecutor(FirefoxDriver.java:244)
	at org.openqa.selenium.firefox.FirefoxDriver.<init>(FirefoxDriver.java:219)
	at org.openqa.selenium.firefox.FirefoxDriver.<init>(FirefoxDriver.java:214)
	at org.openqa.selenium.firefox.FirefoxDriver.<init>(FirefoxDriver.java:210)
	at org.openqa.selenium.firefox.FirefoxDriver.<init>(FirefoxDriver.java:123)
	at sendEmail.CrossBrowserTesting.openBrowser(CrossBrowserTesting.java:31)
... Removed 23 stack frames]]>
    </failure>
  </testcase> <!-- @BeforeTest openBrowser -->
  <testcase name="@AfterTest afterTest" time="0.0" classname="sendEmail.CrossBrowserTesting">
    <skipped/>
  </testcase> <!-- @AfterTest afterTest -->
  <testcase name="Run" time="0.001" classname="sendEmail.CrossBrowserTesting">
    <skipped/>
  </testcase> <!-- Run -->
</testsuite> <!-- firefoxtest -->
